<?xml version="1.0" encoding="UTF-8"?>
<testsuite xmlns:xsi="http://www.w3.org/2001/XMLSchema-instance" xsi:noNamespaceSchemaLocation="https://maven.apache.org/surefire/maven-surefire-plugin/xsd/surefire-test-report.xsd" version="3.0.2" name="com.toonflow.JwtUtilTest" time="1.395" tests="3" errors="0" skipped="0" failures="0">
  <properties>
[...]
</properties>
  <testcase name="parseToken_withWrongSecret_throws" classname="com.toonflow.JwtUtilTest" time="0.274"/>
  <testcase name="expiredToken_throws" classname="com.toonflow.JwtUtilTest" time="1.108"/>
  <testcase name="createAndParseToken_roundTrip" classname="com.toonflow.JwtUtilTest" time="0.009"/>
</testsuite>